Build started 2014-01-07 10:14:01.
     1>Project "C:\Users\Nicolina\Documents\GitHub\ProgrammingProject\Project\Project\Project.vcxproj" on node 2 (Build target(s)).
     1>ClCompile:
         C:\Program Files (x86)\Microsoft Visual Studio 11.0\VC\bin\CL.exe /c /I../dependencies/sdl2/include /I../dependencies/sdl2_image/include /I../dependencies/sdl2_mixer/include /ZI /nologo /W3 /WX- /Od /Oy- /D WIN32 /D _DEBUG /D _CONSOLE /D _UNICODE /D UNICODE /Gm /EHsc /RTC1 /MDd /GS /fp:precise /Zc:wchar_t /Zc:forScope /Fo"Debug\\" /Fd"Debug\vc110.pdb" /Gd /TP /analyze- /errorReport:prompt DuckObject.cpp GameObject.cpp main.cpp
         main.cpp
     1>c:\program files (x86)\microsoft visual studio 11.0\vc\include\yvals.h(185): warning C4384: #pragma 'detect_mismatch' should only be used at global scope
     1>c:\program files (x86)\microsoft visual studio 11.0\vc\include\yvals.h(189): warning C4384: #pragma 'detect_mismatch' should only be used at global scope
     1>c:\program files (x86)\microsoft visual studio 11.0\vc\include\yvals.h(200): warning C4384: #pragma 'detect_mismatch' should only be used at global scope
     1>c:\program files (x86)\microsoft visual studio 11.0\vc\include\yvals.h(491): error C2870: 'std' : a namespace definition must appear either at file scope or immediately within another namespace definition
     1>c:\program files (x86)\microsoft visual studio 11.0\vc\include\yvals.h(542): error C2870: 'std' : a namespace definition must appear either at file scope or immediately within another namespace definition
     1>c:\program files (x86)\microsoft visual studio 11.0\vc\include\math.h(27): error C2598: linkage specification must be at global scope
     1>c:\program files (x86)\microsoft visual studio 11.0\vc\include\math.h(37): fatal error C1903: unable to recover from previous error(s); stopping compilation
         GameObject.cpp
     1>c:\users\nicolina\documents\github\programmingproject\project\project\gameobject.cpp(10): error C2614: 'GameObject' : illegal member initialization: 'm_flag' is not a base or member
     1>c:\users\nicolina\documents\github\programmingproject\project\project\gameobject.cpp(21): warning C4800: 'Sprite *const ' : forcing value to bool 'true' or 'false' (performance warning)
         DuckObject.cpp
     1>c:\users\nicolina\documents\github\programmingproject\project\project\duckobject.cpp(3): error C2572: 'DuckObject::DuckObject' : redefinition of default parameter : parameter 1
                 c:\users\nicolina\documents\github\programmingproject\project\project\duckobject.h(12) : see declaration of 'DuckObject::DuckObject'
         Generating Code...
     1>Done Building Project "C:\Users\Nicolina\Documents\GitHub\ProgrammingProject\Project\Project\Project.vcxproj" (Build target(s)) -- FAILED.

Build FAILED.

Time Elapsed 00:00:00.79
